<?xml version="1.0" encoding="UTF-8"?>
<!-- Generated by org.testng.reporters.JUnitXMLReporter -->
<testsuite ignored="0" hostname="Shadman-IT" failures="0" tests="4" name="GRP-user-registration" time="0.033" errors="0" timestamp="2023-04-13T15:42:32 BDT">
  <testcase classname="ui.GroupsDemoTest" name="bTest3" time="0.006"/>
  <testcase classname="ui.GroupsDemoTest" name="bTest4" time="0.001"/>
  <testcase classname="ui.GroupsDemoTest" name="aTest1" time="0.001"/>
  <testcase classname="ui.GroupsDemoTest" name="bTest2" time="0.002"/>
</testsuite> <!-- GRP-user-registration -->
