<?xml version="1.0" encoding="UTF-8"?>
<!-- Generated by org.testng.reporters.JUnitXMLReporter -->
<testsuite ignored="2" hostname="Shadman-IT" failures="0" tests="2" name="GRP-bvt" time="0.033" errors="0" timestamp="2023-04-13T15:36:13 BDT">
  <testcase classname="ui.GroupsDemoTest" name="bTest3" time="0.005"/>
  <testcase classname="ui.GroupsDemoTest" name="bTest4" time="0.001"/>
  <testcase classname="ui.GroupsDemoTest" name="bTest2" time="0.0">
    <ignored/>
  </testcase> <!-- bTest2 -->
  <testcase classname="ui.GroupsDemoTest" name="aTest1" time="0.0">
    <ignored/>
  </testcase> <!-- aTest1 -->
</testsuite> <!-- GRP-bvt -->
