<?xml version="1.0" encoding="UTF-8"?>
<!-- Generated by org.testng.reporters.JUnitXMLReporter -->
<testsuite ignored="1" hostname="Shadman-IT" failures="0" tests="3" name="GRP-regression" time="0.036" errors="0" timestamp="2023-04-13T15:38:08 BDT">
  <testcase classname="ui.GroupsDemoTest" name="bTest3" time="0.007"/>
  <testcase classname="ui.GroupsDemoTest" name="aTest1" time="0.001"/>
  <testcase classname="ui.GroupsDemoTest" name="bTest2" time="0.001"/>
  <testcase classname="ui.GroupsDemoTest" name="bTest4" time="0.0">
    <ignored/>
  </testcase> <!-- bTest4 -->
</testsuite> <!-- GRP-regression -->
