<?xml version="1.0" encoding="UTF-8"?>
<!-- Generated by org.testng.reporters.JUnitXMLReporter -->
<testsuite ignored="0" hostname="Shadman-IT" failures="0" tests="4" name="Default test" time="0.034" errors="0" timestamp="2023-04-13T15:37:48 BDT">
  <testcase classname="ui.GroupsDemoTest" name="bTest3" time="0.006"/>
  <testcase classname="ui.GroupsDemoTest" name="bTest4" time="0.001"/>
  <testcase classname="ui.GroupsDemoTest" name="aTest1" time="0.0"/>
  <testcase classname="ui.GroupsDemoTest" name="bTest2" time="0.0"/>
</testsuite> <!-- Default test -->
