<?xml version="1.0" encoding="UTF-8"?>
<!-- Generated by org.testng.reporters.JUnitXMLReporter -->
<testsuite ignored="1" hostname="Shadman-IT" failures="0" tests="2" name="Default test" time="0.042" errors="0" timestamp="2023-04-17T15:32:07 BDT">
  <testcase classname="ui.SkipDemoTest" name="skiptest2" time="0.007">
    <skipped/>
  </testcase> <!-- skiptest2 -->
  <testcase classname="ui.SkipDemoTest" name="skiptest3" time="0.001">
    <skipped/>
  </testcase> <!-- skiptest3 -->
  <testcase classname="ui.SkipDemoTest" name="skiptest1" time="0.0">
    <ignored/>
  </testcase> <!-- skiptest1 -->
</testsuite> <!-- Default test -->
