<?xml version="1.0" encoding="UTF-8"?>
<!-- Generated by org.testng.reporters.JUnitXMLReporter -->
<testsuite ignored="3" hostname="Shadman-IT" failures="0" tests="3" name="regression" time="0.03" errors="0" timestamp="2023-04-14T00:17:40 BDT">
  <testcase classname="ui.GroupsDemoTest" name="bTest3" time="0.005"/>
  <testcase classname="ui.GroupsDemoTest" name="aTest1" time="0.0"/>
  <testcase classname="ui.GroupsDemoTest" name="bTest2" time="0.0"/>
  <testcase classname="ui.LoginTest" name="aTest2" time="0.0">
    <ignored/>
  </testcase> <!-- aTest2 -->
  <testcase classname="ui.LoginTest" name="aTest1" time="0.0">
    <ignored/>
  </testcase> <!-- aTest1 -->
  <testcase classname="ui.GroupsDemoTest" name="bTest4" time="0.0">
    <ignored/>
  </testcase> <!-- bTest4 -->
</testsuite> <!-- regression -->
