<?xml version="1.0" encoding="UTF-8"?>
<!-- Generated by org.testng.reporters.JUnitXMLReporter -->
<testsuite ignored="0" hostname="Shadman-IT" failures="0" tests="8" name="Functional Test" time="10.993" errors="0" timestamp="2023-04-14T00:11:12 BDT">
  <testcase classname="ui.LoginTest" name="aTest1" time="0.003"/>
  <testcase classname="ui.LoginTest" name="aTest2" time="0.001"/>
  <testcase classname="ui.GroupsDemoTest" name="bTest3" time="0.001"/>
  <testcase classname="ui.GroupsDemoTest" name="bTest4" time="0.001"/>
  <testcase classname="ui.GroupsDemoTest" name="aTest1" time="0.001"/>
  <testcase classname="ui.GroupsDemoTest" name="bTest2" time="0.0"/>
  <testcase classname="ui.VerifyTitleTest" name="titleTest" time="5.023"/>
  <testcase classname="ui.VerifyTitleAndTextTest" name="titleTest" time="5.931"/>
</testsuite> <!-- Functional Test -->
