<?xml version="1.0" encoding="UTF-8"?>
<testng-results ignored="3" total="6" passed="3" failed="0" skipped="0">
  <reporter-output>
  </reporter-output>
  <suite started-at="2023-04-14T00:17:40 BDT" name=" Regression Suite" finished-at="2023-04-14T00:17:40 BDT" duration-ms="30">
    <groups>
      <group name="bvt">
        <method signature="GroupsDemoTest.bTest3()[pri:0, instance:ui.GroupsDemoTest@47d9a273]" name="bTest3" class="ui.GroupsDemoTest"/>
      </group> <!-- bvt -->
      <group name="user-registration">
        <method signature="GroupsDemoTest.aTest1()[pri:1, instance:ui.GroupsDemoTest@47d9a273]" name="aTest1" class="ui.GroupsDemoTest"/>
        <method signature="GroupsDemoTest.bTest2()[pri:2, instance:ui.GroupsDemoTest@47d9a273]" name="bTest2" class="ui.GroupsDemoTest"/>
        <method signature="GroupsDemoTest.bTest3()[pri:0, instance:ui.GroupsDemoTest@47d9a273]" name="bTest3" class="ui.GroupsDemoTest"/>
      </group> <!-- user-registration -->
      <group name="regression">
        <method signature="GroupsDemoTest.aTest1()[pri:1, instance:ui.GroupsDemoTest@47d9a273]" name="aTest1" class="ui.GroupsDemoTest"/>
        <method signature="GroupsDemoTest.bTest2()[pri:2, instance:ui.GroupsDemoTest@47d9a273]" name="bTest2" class="ui.GroupsDemoTest"/>
        <method signature="GroupsDemoTest.bTest3()[pri:0, instance:ui.GroupsDemoTest@47d9a273]" name="bTest3" class="ui.GroupsDemoTest"/>
      </group> <!-- regression -->
    </groups>
    <test started-at="2023-04-14T00:17:40 BDT" name="regression" finished-at="2023-04-14T00:17:40 BDT" duration-ms="30">
      <class name="ui.GroupsDemoTest">
        <test-method signature="bTest3()[pri:0, instance:ui.GroupsDemoTest@47d9a273]" started-at="2023-04-14T00:17:40 BDT" name="bTest3" finished-at="2023-04-14T00:17:40 BDT" duration-ms="5" status="PASS">
          <reporter-output>
          </reporter-output>
        </test-method> <!-- bTest3 -->
        <test-method signature="aTest1()[pri:1, instance:ui.GroupsDemoTest@47d9a273]" started-at="2023-04-14T00:17:40 BDT" name="aTest1" finished-at="2023-04-14T00:17:40 BDT" duration-ms="0" status="PASS">
          <reporter-output>
          </reporter-output>
        </test-method> <!-- aTest1 -->
        <test-method signature="bTest2()[pri:2, instance:ui.GroupsDemoTest@47d9a273]" started-at="2023-04-14T00:17:40 BDT" name="bTest2" finished-at="2023-04-14T00:17:40 BDT" duration-ms="0" status="PASS">
          <reporter-output>
          </reporter-output>
        </test-method> <!-- bTest2 -->
      </class> <!-- ui.GroupsDemoTest -->
    </test> <!-- regression -->
  </suite> <!--  Regression Suite -->
</testng-results>
